<?xml version="1.0" encoding="UTF-8"?>
<!-- Generated by org.testng.reporters.JUnitXMLReporter -->
<testsuite hostname="Rizwan-PC" name="Command line test 610e8db8-c4e7-4b89-a30a-4bb97c42245c" tests="3" failures="1" timestamp="26 Apr 2021 06:45:10 GMT" time="137.576" errors="0">
  <testcase name="login" time="15.852" classname="org.testing.TestScripts.TC1">
    <failure type="java.lang.IndexOutOfBoundsException" message="Index: 1, Size: 0">
      <![CDATA[java.lang.IndexOutOfBoundsException: Index: 1, Size: 0
	at java.util.ArrayList.rangeCheck(Unknown Source)
	at java.util.ArrayList.get(Unknown Source)
	at org.testing.TestScripts.TC1.login(TC1.java:40)
	at org.testing.runner.Trigger.main(Trigger.java:72)
... Removed 21 stack frames]]>
    </failure>
  </testcase> <!-- login -->
  <testcase name="login" time="35.065" classname="org.testing.TestScripts.TC3"/>
  <testcase name="login" time="42.67" classname="org.testing.TestScripts.TC4"/>
</testsuite> <!-- Command line test 610e8db8-c4e7-4b89-a30a-4bb97c42245c -->
