<?xml version="1.0" encoding="UTF-8"?>
<!-- Generated by org.testng.reporters.JUnitXMLReporter -->
<testsuite hostname="Rizwan-PC" name="Command line test c7a1bccf-2b22-4f4c-a693-1a09d5cc6c35" tests="3" failures="1" timestamp="26 Apr 2021 06:21:40 GMT" time="58.278" errors="0">
  <testcase name="@AfterMethod browserclose" time="0.0" classname="org.testing.TestScripts.TC3">
    <failure type="java.lang.NullPointerException">
      <![CDATA[java.lang.NullPointerException
	at org.testing.Base.Base.browserclose(Base.java:35)
	at org.testing.runner.Trigger.main(Trigger.java:72)
... Removed 23 stack frames]]>
    </failure>
  </testcase> <!-- @AfterMethod browserclose -->
  <testcase name="@BeforeMethod BrowserOpening" time="0.0" classname="org.testing.TestScripts.TC4">
    <skipped/>
  </testcase> <!-- @BeforeMethod BrowserOpening -->
  <testcase name="@AfterMethod BrowserClose" time="0.0" classname="org.testing.TestScripts.TC4">
    <skipped/>
  </testcase> <!-- @AfterMethod BrowserClose -->
  <testcase name="@AfterMethod browserclose" time="0.0" classname="org.testing.TestScripts.TC4">
    <skipped/>
  </testcase> <!-- @AfterMethod browserclose -->
  <testcase name="login" time="40.414" classname="org.testing.TestScripts.TC1"/>
  <testcase name="login" time="0.0" classname="org.testing.TestScripts.TC3">
    <failure type="java.lang.NullPointerException">
      <![CDATA[java.lang.NullPointerException
	at org.testing.TestScripts.TC3.login(TC3.java:26)
	at org.testing.runner.Trigger.main(Trigger.java:72)
... Removed 21 stack frames]]>
    </failure>
  </testcase> <!-- login -->
  <testcase name="login" time="0.0" classname="org.testing.TestScripts.TC4">
    <skipped/>
  </testcase> <!-- login -->
</testsuite> <!-- Command line test c7a1bccf-2b22-4f4c-a693-1a09d5cc6c35 -->
