<?xml version="1.0" encoding="UTF-8"?>
<testng-results skipped="7" failed="1" total="8" passed="0">
  <reporter-output>
  </reporter-output>
  <suite name="Suite" duration-ms="63220" started-at="2021-04-29T07:29:34Z" finished-at="2021-04-29T07:30:37Z">
    <groups>
    </groups>
    <test name="Test" duration-ms="63220" started-at="2021-04-29T07:29:34Z" finished-at="2021-04-29T07:30:37Z">
      <class name="org.testing.TestScripts.TC8">
        <test-method status="PASS" signature="BrowserOpening()[pri:0, instance:org.testing.TestScripts.TC8@60438a68]" name="BrowserOpening" is-config="true" duration-ms="20544" started-at="2021-04-29T12:59:34Z" finished-at="2021-04-29T12:59:54Z">
          <reporter-output>
          </reporter-output>
        </test-method> <!-- BrowserOpening -->
        <test-method status="FAIL" signature="login()[pri:0, instance:org.testing.TestScripts.TC8@60438a68]" name="login" duration-ms="23499" started-at="2021-04-29T12:59:54Z" finished-at="2021-04-29T13:00:18Z">
          <exception class="java.lang.IndexOutOfBoundsException">
            <message>
              <![CDATA[Index: 3, Size: 0]]>
            </message>
            <full-stacktrace>
              <![CDATA[java.lang.IndexOutOfBoundsException: Index: 3, Size: 0
	at java.util.ArrayList.rangeCheck(Unknown Source)
	at java.util.ArrayList.get(Unknown Source)
	at org.testing.TestScripts.TC8.login(TC8.java:37)
	at sun.reflect.NativeMethodAccessorImpl.invoke0(Native Method)
	at sun.reflect.NativeMethodAccessorImpl.invoke(Unknown Source)
	at sun.reflect.DelegatingMethodAccessorImpl.invoke(Unknown Source)
	at java.lang.reflect.Method.invoke(Unknown Source)
	at org.testng.internal.MethodInvocationHelper.invokeMethod(MethodInvocationHelper.java:84)
	at org.testng.internal.Invoker.invokeMethod(Invoker.java:714)
	at org.testng.internal.Invoker.invokeTestMethod(Invoker.java:901)
	at org.testng.internal.Invoker.invokeTestMethods(Invoker.java:1231)
	at org.testng.internal.TestMethodWorker.invokeTestMethods(TestMethodWorker.java:127)
	at org.testng.internal.TestMethodWorker.run(TestMethodWorker.java:111)
	at org.testng.TestRunner.privateRun(TestRunner.java:767)
	at org.testng.TestRunner.run(TestRunner.java:617)
	at org.testng.SuiteRunner.runTest(SuiteRunner.java:348)
	at org.testng.SuiteRunner.runSequentially(SuiteRunner.java:343)
	at org.testng.SuiteRunner.privateRun(SuiteRunner.java:305)
	at org.testng.SuiteRunner.run(SuiteRunner.java:254)
	at org.testng.SuiteRunnerWorker.runSuite(SuiteRunnerWorker.java:52)
	at org.testng.SuiteRunnerWorker.run(SuiteRunnerWorker.java:86)
	at org.testng.TestNG.runSuitesSequentially(TestNG.java:1224)
	at org.testng.TestNG.runSuitesLocally(TestNG.java:1149)
	at org.testng.TestNG.run(TestNG.java:1057)
	at org.apache.maven.surefire.testng.TestNGExecutor.run(TestNGExecutor.java:295)
	at org.apache.maven.surefire.testng.TestNGXmlTestSuite.execute(TestNGXmlTestSuite.java:84)
	at org.apache.maven.surefire.testng.TestNGProvider.invoke(TestNGProvider.java:90)
	at org.apache.maven.surefire.booter.ForkedBooter.invokeProviderInSameClassLoader(ForkedBooter.java:203)
	at org.apache.maven.surefire.booter.ForkedBooter.runSuitesInProcess(ForkedBooter.java:155)
	at org.apache.maven.surefire.booter.ForkedBooter.main(ForkedBooter.java:103)
]]>
            </full-stacktrace>
          </exception> <!-- java.lang.IndexOutOfBoundsException -->
          <reporter-output>
          </reporter-output>
        </test-method> <!-- login -->
        <test-method status="PASS" signature="browserclose()[pri:0, instance:org.testing.TestScripts.TC8@60438a68]" name="browserclose" is-config="true" duration-ms="1441" started-at="2021-04-29T13:00:18Z" finished-at="2021-04-29T13:00:19Z">
          <reporter-output>
          </reporter-output>
        </test-method> <!-- browserclose -->
      </class> <!-- org.testing.TestScripts.TC8 -->
      <class name="org.testing.TestScripts.TC7">
        <test-method status="FAIL" signature="BrowserOpening()[pri:0, instance:org.testing.TestScripts.TC7@17695df3]" name="BrowserOpening" is-config="true" duration-ms="0" started-at="2021-04-29T13:00:19Z" finished-at="2021-04-29T13:00:19Z">
          <exception class="org.openqa.selenium.WebDriverException">
            <message>
              <![CDATA[chrome not reachable
  (Session info: chrome=90.0.4430.72)
  (Driver info: chromedriver=89.0.4389.23 (61b08ee2c50024bab004e48d2b1b083cdbdac579-refs/branch-heads/4389@{#294}),platform=Windows NT 10.0.19041 x86_64) (WARNING: The server did not provide any stacktrace information)
Command duration or timeout: 4.76 seconds
Build info: version: '2.45.0', revision: '5017cb8e7ca8e37638dc3091b2440b90a1d8686f', time: '2015-02-27 09:10:26'
System info: host: 'Rizwan-PC', ip: '192.168.43.202', os.name: 'Windows 10', os.arch: 'amd64', os.version: '10.0', java.version: '1.8.0_201'
Driver info: org.openqa.selenium.chrome.ChromeDriver
Capabilities [{mobileEmulationEnabled=false, timeouts={implicit=0, pageLoad=300000, script=30000}, hasTouchScreen=false, platform=XP, acceptSslCerts=false, goog:chromeOptions={debuggerAddress=localhost:49470}, acceptInsecureCerts=false, webStorageEnabled=true, browserName=chrome, takesScreenshot=true, javascriptEnabled=true, setWindowRect=true, webauthn:extension:largeBlob=true, unexpectedAlertBehaviour=ignore, applicationCacheEnabled=false, rotatable=false, networkConnectionEnabled=false, chrome={chromedriverVersion=89.0.4389.23 (61b08ee2c50024bab004e48d2b1b083cdbdac579-refs/branch-heads/4389@{#294}), userDataDir=C:\Users\RIZWAN\AppData\Local\Temp\scoped_dir9724_1698522253}, takesHeapSnapshot=true, pageLoadStrategy=normal, strictFileInteractability=false, databaseEnabled=false, handlesAlerts=true, version=90.0.4430.72, browserConnectionEnabled=false, proxy={}, nativeEvents=true, locationContextEnabled=true, cssSelectorsEnabled=true, webauthn:virtualAuthenticators=true}]
Session ID: 1a8f96e8a474e539805db326025220a1]]>
            </message>
            <full-stacktrace>
              <![CDATA[org.openqa.selenium.WebDriverException: chrome not reachable
  (Session info: chrome=90.0.4430.72)
  (Driver info: chromedriver=89.0.4389.23 (61b08ee2c50024bab004e48d2b1b083cdbdac579-refs/branch-heads/4389@{#294}),platform=Windows NT 10.0.19041 x86_64) (WARNING: The server did not provide any stacktrace information)
Command duration or timeout: 4.76 seconds
Build info: version: '2.45.0', revision: '5017cb8e7ca8e37638dc3091b2440b90a1d8686f', time: '2015-02-27 09:10:26'
System info: host: 'Rizwan-PC', ip: '192.168.43.202', os.name: 'Windows 10', os.arch: 'amd64', os.version: '10.0', java.version: '1.8.0_201'
Driver info: org.openqa.selenium.chrome.ChromeDriver
Capabilities [{mobileEmulationEnabled=false, timeouts={implicit=0, pageLoad=300000, script=30000}, hasTouchScreen=false, platform=XP, acceptSslCerts=false, goog:chromeOptions={debuggerAddress=localhost:49470}, acceptInsecureCerts=false, webStorageEnabled=true, browserName=chrome, takesScreenshot=true, javascriptEnabled=true, setWindowRect=true, webauthn:extension:largeBlob=true, unexpectedAlertBehaviour=ignore, applicationCacheEnabled=false, rotatable=false, networkConnectionEnabled=false, chrome={chromedriverVersion=89.0.4389.23 (61b08ee2c50024bab004e48d2b1b083cdbdac579-refs/branch-heads/4389@{#294}), userDataDir=C:\Users\RIZWAN\AppData\Local\Temp\scoped_dir9724_1698522253}, takesHeapSnapshot=true, pageLoadStrategy=normal, strictFileInteractability=false, databaseEnabled=false, handlesAlerts=true, version=90.0.4430.72, browserConnectionEnabled=false, proxy={}, nativeEvents=true, locationContextEnabled=true, cssSelectorsEnabled=true, webauthn:virtualAuthenticators=true}]
Session ID: 1a8f96e8a474e539805db326025220a1
	at sun.reflect.NativeConstructorAccessorImpl.newInstance0(Native Method)
	at sun.reflect.NativeConstructorAccessorImpl.newInstance(Unknown Source)
	at sun.reflect.DelegatingConstructorAccessorImpl.newInstance(Unknown Source)
	at java.lang.reflect.Constructor.newInstance(Unknown Source)
	at org.openqa.selenium.remote.ErrorHandler.createThrowable(ErrorHandler.java:204)
	at org.openqa.selenium.remote.ErrorHandler.throwIfResponseFailed(ErrorHandler.java:156)
	at org.openqa.selenium.remote.RemoteWebDriver.execute(RemoteWebDriver.java:599)
	at org.openqa.selenium.remote.RemoteWebDriver$RemoteWebDriverOptions$RemoteWindow.maximize(RemoteWebDriver.java:837)
	at org.testing.Base.Base.BrowserOpening(Base.java:29)
	at sun.reflect.NativeMethodAccessorImpl.invoke0(Native Method)
	at sun.reflect.NativeMethodAccessorImpl.invoke(Unknown Source)
	at sun.reflect.DelegatingMethodAccessorImpl.invoke(Unknown Source)
	at java.lang.reflect.Method.invoke(Unknown Source)
	at org.testng.internal.MethodInvocationHelper.invokeMethod(MethodInvocationHelper.java:84)
	at org.testng.internal.Invoker.invokeConfigurationMethod(Invoker.java:564)
	at org.testng.internal.Invoker.invokeConfigurations(Invoker.java:213)
	at org.testng.internal.Invoker.invokeMethod(Invoker.java:653)
	at org.testng.internal.Invoker.invokeTestMethod(Invoker.java:901)
	at org.testng.internal.Invoker.invokeTestMethods(Invoker.java:1231)
	at org.testng.internal.TestMethodWorker.invokeTestMethods(TestMethodWorker.java:127)
	at org.testng.internal.TestMethodWorker.run(TestMethodWorker.java:111)
	at org.testng.TestRunner.privateRun(TestRunner.java:767)
	at org.testng.TestRunner.run(TestRunner.java:617)
	at org.testng.SuiteRunner.runTest(SuiteRunner.java:348)
	at org.testng.SuiteRunner.runSequentially(SuiteRunner.java:343)
	at org.testng.SuiteRunner.privateRun(SuiteRunner.java:305)
	at org.testng.SuiteRunner.run(SuiteRunner.java:254)
	at org.testng.SuiteRunnerWorker.runSuite(SuiteRunnerWorker.java:52)
	at org.testng.SuiteRunnerWorker.run(SuiteRunnerWorker.java:86)
	at org.testng.TestNG.runSuitesSequentially(TestNG.java:1224)
	at org.testng.TestNG.runSuitesLocally(TestNG.java:1149)
	at org.testng.TestNG.run(TestNG.java:1057)
	at org.apache.maven.surefire.testng.TestNGExecutor.run(TestNGExecutor.java:295)
	at org.apache.maven.surefire.testng.TestNGXmlTestSuite.execute(TestNGXmlTestSuite.java:84)
	at org.apache.maven.surefire.testng.TestNGProvider.invoke(TestNGProvider.java:90)
	at org.apache.maven.surefire.booter.ForkedBooter.invokeProviderInSameClassLoader(ForkedBooter.java:203)
	at org.apache.maven.surefire.booter.ForkedBooter.runSuitesInProcess(ForkedBooter.java:155)
	at org.apache.maven.surefire.booter.ForkedBooter.main(ForkedBooter.java:103)
]]>
            </full-stacktrace>
          </exception> <!-- org.openqa.selenium.WebDriverException -->
          <reporter-output>
          </reporter-output>
        </test-method> <!-- BrowserOpening -->
        <test-method status="SKIP" signature="login()[pri:0, instance:org.testing.TestScripts.TC7@17695df3]" name="login" duration-ms="0" started-at="2021-04-29T13:00:37Z" finished-at="2021-04-29T13:00:37Z">
          <reporter-output>
          </reporter-output>
        </test-method> <!-- login -->
        <test-method status="SKIP" signature="browserclose()[pri:0, instance:org.testing.TestScripts.TC7@17695df3]" name="browserclose" is-config="true" duration-ms="0" started-at="2021-04-29T13:00:37Z" finished-at="2021-04-29T13:00:37Z">
          <reporter-output>
          </reporter-output>
        </test-method> <!-- browserclose -->
      </class> <!-- org.testing.TestScripts.TC7 -->
      <class name="org.testing.TestScripts.TC4">
        <test-method status="SKIP" signature="BrowserOpening()[pri:0, instance:org.testing.TestScripts.TC4@5f71c76a]" name="BrowserOpening" is-config="true" duration-ms="0" started-at="2021-04-29T13:00:37Z" finished-at="2021-04-29T13:00:37Z">
          <reporter-output>
          </reporter-output>
        </test-method> <!-- BrowserOpening -->
        <test-method status="SKIP" signature="login()[pri:0, instance:org.testing.TestScripts.TC4@5f71c76a]" name="login" duration-ms="1" started-at="2021-04-29T13:00:37Z" finished-at="2021-04-29T13:00:37Z">
          <reporter-output>
          </reporter-output>
        </test-method> <!-- login -->
        <test-method status="SKIP" signature="browserclose()[pri:0, instance:org.testing.TestScripts.TC4@5f71c76a]" name="browserclose" is-config="true" duration-ms="0" started-at="2021-04-29T13:00:37Z" finished-at="2021-04-29T13:00:37Z">
          <reporter-output>
          </reporter-output>
        </test-method> <!-- browserclose -->
      </class> <!-- org.testing.TestScripts.TC4 -->
      <class name="org.testing.TestScripts.TC3">
        <test-method status="SKIP" signature="BrowserOpening()[pri:0, instance:org.testing.TestScripts.TC3@3439f68d]" name="BrowserOpening" is-config="true" duration-ms="0" started-at="2021-04-29T13:00:37Z" finished-at="2021-04-29T13:00:37Z">
          <reporter-output>
          </reporter-output>
        </test-method> <!-- BrowserOpening -->
        <test-method status="SKIP" signature="login()[pri:0, instance:org.testing.TestScripts.TC3@3439f68d]" name="login" duration-ms="0" started-at="2021-04-29T13:00:37Z" finished-at="2021-04-29T13:00:37Z">
          <reporter-output>
          </reporter-output>
        </test-method> <!-- login -->
        <test-method status="SKIP" signature="browserclose()[pri:0, instance:org.testing.TestScripts.TC3@3439f68d]" name="browserclose" is-config="true" duration-ms="0" started-at="2021-04-29T13:00:37Z" finished-at="2021-04-29T13:00:37Z">
          <reporter-output>
          </reporter-output>
        </test-method> <!-- browserclose -->
      </class> <!-- org.testing.TestScripts.TC3 -->
      <class name="org.testing.TestScripts.TC6">
        <test-method status="SKIP" signature="login()[pri:0, instance:org.testing.TestScripts.TC6@de3a06f]" name="login" duration-ms="1" started-at="2021-04-29T13:00:37Z" finished-at="2021-04-29T13:00:37Z">
          <reporter-output>
          </reporter-output>
        </test-method> <!-- login -->
        <test-method status="SKIP" signature="BrowserOpening()[pri:0, instance:org.testing.TestScripts.TC6@de3a06f]" name="BrowserOpening" is-config="true" duration-ms="0" started-at="2021-04-29T13:00:37Z" finished-at="2021-04-29T13:00:37Z">
          <reporter-output>
          </reporter-output>
        </test-method> <!-- BrowserOpening -->
        <test-method status="SKIP" signature="browserclose()[pri:0, instance:org.testing.TestScripts.TC6@de3a06f]" name="browserclose" is-config="true" duration-ms="0" started-at="2021-04-29T13:00:37Z" finished-at="2021-04-29T13:00:37Z">
          <reporter-output>
          </reporter-output>
        </test-method> <!-- browserclose -->
      </class> <!-- org.testing.TestScripts.TC6 -->
      <class name="org.testing.TestScripts.TC5">
        <test-method status="SKIP" signature="BrowserOpening()[pri:0, instance:org.testing.TestScripts.TC5@140e5a13]" name="BrowserOpening" is-config="true" duration-ms="0" started-at="2021-04-29T13:00:37Z" finished-at="2021-04-29T13:00:37Z">
          <reporter-output>
          </reporter-output>
        </test-method> <!-- BrowserOpening -->
        <test-method status="SKIP" signature="login()[pri:0, instance:org.testing.TestScripts.TC5@140e5a13]" name="login" duration-ms="1" started-at="2021-04-29T13:00:37Z" finished-at="2021-04-29T13:00:37Z">
          <reporter-output>
          </reporter-output>
        </test-method> <!-- login -->
        <test-method status="SKIP" signature="browserclose()[pri:0, instance:org.testing.TestScripts.TC5@140e5a13]" name="browserclose" is-config="true" duration-ms="0" started-at="2021-04-29T13:00:37Z" finished-at="2021-04-29T13:00:37Z">
          <reporter-output>
          </reporter-output>
        </test-method> <!-- browserclose -->
      </class> <!-- org.testing.TestScripts.TC5 -->
      <class name="org.testing.TestScripts.TC2">
        <test-method status="SKIP" signature="login()[pri:0, instance:org.testing.TestScripts.TC2@dbd940d]" name="login" duration-ms="2" started-at="2021-04-29T13:00:37Z" finished-at="2021-04-29T13:00:37Z">
          <reporter-output>
          </reporter-output>
        </test-method> <!-- login -->
        <test-method status="SKIP" signature="BrowserOpening()[pri:0, instance:org.testing.TestScripts.TC2@dbd940d]" name="BrowserOpening" is-config="true" duration-ms="0" started-at="2021-04-29T13:00:37Z" finished-at="2021-04-29T13:00:37Z">
          <reporter-output>
          </reporter-output>
        </test-method> <!-- BrowserOpening -->
        <test-method status="SKIP" signature="browserclose()[pri:0, instance:org.testing.TestScripts.TC2@dbd940d]" name="browserclose" is-config="true" duration-ms="0" started-at="2021-04-29T13:00:37Z" finished-at="2021-04-29T13:00:37Z">
          <reporter-output>
          </reporter-output>
        </test-method> <!-- browserclose -->
      </class> <!-- org.testing.TestScripts.TC2 -->
      <class name="org.testing.TestScripts.TC1">
        <test-method status="SKIP" signature="BrowserOpening()[pri:0, instance:org.testing.TestScripts.TC1@71d15f18]" name="BrowserOpening" is-config="true" duration-ms="0" started-at="2021-04-29T13:00:37Z" finished-at="2021-04-29T13:00:37Z">
          <reporter-output>
          </reporter-output>
        </test-method> <!-- BrowserOpening -->
        <test-method status="SKIP" signature="login()[pri:0, instance:org.testing.TestScripts.TC1@71d15f18]" name="login" duration-ms="3" started-at="2021-04-29T13:00:37Z" finished-at="2021-04-29T13:00:37Z">
          <reporter-output>
          </reporter-output>
        </test-method> <!-- login -->
        <test-method status="SKIP" signature="browserclose()[pri:0, instance:org.testing.TestScripts.TC1@71d15f18]" name="browserclose" is-config="true" duration-ms="0" started-at="2021-04-29T13:00:37Z" finished-at="2021-04-29T13:00:37Z">
          <reporter-output>
          </reporter-output>
        </test-method> <!-- browserclose -->
      </class> <!-- org.testing.TestScripts.TC1 -->
    </test> <!-- Test -->
  </suite> <!-- Suite -->
</testng-results>
