<?xml version="1.0" encoding="UTF-8"?>
<testsuite name="TestSuite" time="66.561" tests="22" errors="0" skipped="20" failures="2">
  <properties>
[...]
</properties>
  <testcase name="login" classname="org.testing.TestScripts.TC8" time="23.909">
    <failure message="Index: 3, Size: 0" type="java.lang.IndexOutOfBoundsException">java.lang.IndexOutOfBoundsException: Index: 3, Size: 0
	at java.util.ArrayList.rangeCheck(Unknown Source)
	at java.util.ArrayList.get(Unknown Source)
	at org.testing.TestScripts.TC8.login(TC8.java:37)
</failure>
    <system-err><![CDATA[Starting ChromeDriver 89.0.4389.23 (61b08ee2c50024bab004e48d2b1b083cdbdac579-refs/branch-heads/4389@{#294}) on port 40646
Only local connections are allowed.
Please see https://chromedriver.chromium.org/security-considerations for suggestions on keeping ChromeDriver safe.
ChromeDriver was started successfully.
[1619681379.904][WARNING]: This version of ChromeDriver has not been tested with Chrome version 90.
]]></system-err>
  </testcase>
  <testcase name="BrowserOpening" classname="org.testing.TestScripts.TC7" time="42.652">
    <failure message="chrome not reachable&#10;  (Session info: chrome=90.0.4430.72)&#10;  (Driver info: chromedriver=89.0.4389.23 (61b08ee2c50024bab004e48d2b1b083cdbdac579-refs/branch-heads/4389@{#294}),platform=Windows NT 10.0.19041 x86_64) (WARNING: The server did not provide any stacktrace information)&#10;Command duration or timeout: 4.76 seconds&#10;Build info: version: &apos;2.45.0&apos;, revision: &apos;5017cb8e7ca8e37638dc3091b2440b90a1d8686f&apos;, time: &apos;2015-02-27 09:10:26&apos;&#10;System info: host: &apos;Rizwan-PC&apos;, ip: &apos;192.168.43.202&apos;, os.name: &apos;Windows 10&apos;, os.arch: &apos;amd64&apos;, os.version: &apos;10.0&apos;, java.version: &apos;1.8.0_201&apos;&#10;Driver info: org.openqa.selenium.chrome.ChromeDriver&#10;Capabilities [{mobileEmulationEnabled=false, timeouts={implicit=0, pageLoad=300000, script=30000}, hasTouchScreen=false, platform=XP, acceptSslCerts=false, goog:chromeOptions={debuggerAddress=localhost:49470}, acceptInsecureCerts=false, webStorageEnabled=true, browserName=chrome, takesScreenshot=true, javascriptEnabled=true, setWindowRect=true, webauthn:extension:largeBlob=true, unexpectedAlertBehaviour=ignore, applicationCacheEnabled=false, rotatable=false, networkConnectionEnabled=false, chrome={chromedriverVersion=89.0.4389.23 (61b08ee2c50024bab004e48d2b1b083cdbdac579-refs/branch-heads/4389@{#294}), userDataDir=C:\Users\RIZWAN\AppData\Local\Temp\scoped_dir9724_1698522253}, takesHeapSnapshot=true, pageLoadStrategy=normal, strictFileInteractability=false, databaseEnabled=false, handlesAlerts=true, version=90.0.4430.72, browserConnectionEnabled=false, proxy={}, nativeEvents=true, locationContextEnabled=true, cssSelectorsEnabled=true, webauthn:virtualAuthenticators=true}]&#10;Session ID: 1a8f96e8a474e539805db326025220a1" type="org.openqa.selenium.WebDriverException">org.openqa.selenium.WebDriverException: chrome not reachable
  (Session info: chrome=90.0.4430.72)
  (Driver info: chromedriver=89.0.4389.23 (61b08ee2c50024bab004e48d2b1b083cdbdac579-refs/branch-heads/4389@{#294}),platform=Windows NT 10.0.19041 x86_64) (WARNING: The server did not provide any stacktrace information)
Command duration or timeout: 4.76 seconds
Build info: version: '2.45.0', revision: '5017cb8e7ca8e37638dc3091b2440b90a1d8686f', time: '2015-02-27 09:10:26'
System info: host: 'Rizwan-PC', ip: '192.168.43.202', os.name: 'Windows 10', os.arch: 'amd64', os.version: '10.0', java.version: '1.8.0_201'
Driver info: org.openqa.selenium.chrome.ChromeDriver
Capabilities [{mobileEmulationEnabled=false, timeouts={implicit=0, pageLoad=300000, script=30000}, hasTouchScreen=false, platform=XP, acceptSslCerts=false, goog:chromeOptions={debuggerAddress=localhost:49470}, acceptInsecureCerts=false, webStorageEnabled=true, browserName=chrome, takesScreenshot=true, javascriptEnabled=true, setWindowRect=true, webauthn:extension:largeBlob=true, unexpectedAlertBehaviour=ignore, applicationCacheEnabled=false, rotatable=false, networkConnectionEnabled=false, chrome={chromedriverVersion=89.0.4389.23 (61b08ee2c50024bab004e48d2b1b083cdbdac579-refs/branch-heads/4389@{#294}), userDataDir=C:\Users\RIZWAN\AppData\Local\Temp\scoped_dir9724_1698522253}, takesHeapSnapshot=true, pageLoadStrategy=normal, strictFileInteractability=false, databaseEnabled=false, handlesAlerts=true, version=90.0.4430.72, browserConnectionEnabled=false, proxy={}, nativeEvents=true, locationContextEnabled=true, cssSelectorsEnabled=true, webauthn:virtualAuthenticators=true}]
Session ID: 1a8f96e8a474e539805db326025220a1
	at sun.reflect.NativeConstructorAccessorImpl.newInstance0(Native Method)
	at sun.reflect.NativeConstructorAccessorImpl.newInstance(Unknown Source)
	at sun.reflect.DelegatingConstructorAccessorImpl.newInstance(Unknown Source)
	at java.lang.reflect.Constructor.newInstance(Unknown Source)
	at org.openqa.selenium.remote.ErrorHandler.createThrowable(ErrorHandler.java:204)
	at org.openqa.selenium.remote.ErrorHandler.throwIfResponseFailed(ErrorHandler.java:156)
	at org.openqa.selenium.remote.RemoteWebDriver.execute(RemoteWebDriver.java:599)
	at org.openqa.selenium.remote.RemoteWebDriver$RemoteWebDriverOptions$RemoteWindow.maximize(RemoteWebDriver.java:837)
	at org.testing.Base.Base.BrowserOpening(Base.java:29)
	at sun.reflect.NativeMethodAccessorImpl.invoke0(Native Method)
	at sun.reflect.NativeMethodAccessorImpl.invoke(Unknown Source)
	at sun.reflect.DelegatingMethodAccessorImpl.invoke(Unknown Source)
	at java.lang.reflect.Method.invoke(Unknown Source)
	at org.testng.internal.MethodInvocationHelper.invokeMethod(MethodInvocationHelper.java:84)
	at org.testng.internal.Invoker.invokeConfigurationMethod(Invoker.java:564)
	at org.testng.internal.Invoker.invokeConfigurations(Invoker.java:213)
	at org.testng.internal.Invoker.invokeMethod(Invoker.java:653)
	at org.testng.internal.Invoker.invokeTestMethod(Invoker.java:901)
	at org.testng.internal.Invoker.invokeTestMethods(Invoker.java:1231)
	at org.testng.internal.TestMethodWorker.invokeTestMethods(TestMethodWorker.java:127)
	at org.testng.internal.TestMethodWorker.run(TestMethodWorker.java:111)
	at org.testng.TestRunner.privateRun(TestRunner.java:767)
	at org.testng.TestRunner.run(TestRunner.java:617)
	at org.testng.SuiteRunner.runTest(SuiteRunner.java:348)
	at org.testng.SuiteRunner.runSequentially(SuiteRunner.java:343)
	at org.testng.SuiteRunner.privateRun(SuiteRunner.java:305)
	at org.testng.SuiteRunner.run(SuiteRunner.java:254)
	at org.testng.SuiteRunnerWorker.runSuite(SuiteRunnerWorker.java:52)
	at org.testng.SuiteRunnerWorker.run(SuiteRunnerWorker.java:86)
	at org.testng.TestNG.runSuitesSequentially(TestNG.java:1224)
	at org.testng.TestNG.runSuitesLocally(TestNG.java:1149)
	at org.testng.TestNG.run(TestNG.java:1057)
	at org.apache.maven.surefire.testng.TestNGExecutor.run(TestNGExecutor.java:295)
	at org.apache.maven.surefire.testng.TestNGXmlTestSuite.execute(TestNGXmlTestSuite.java:84)
	at org.apache.maven.surefire.testng.TestNGProvider.invoke(TestNGProvider.java:90)
	at org.apache.maven.surefire.booter.ForkedBooter.invokeProviderInSameClassLoader(ForkedBooter.java:203)
	at org.apache.maven.surefire.booter.ForkedBooter.runSuitesInProcess(ForkedBooter.java:155)
	at org.apache.maven.surefire.booter.ForkedBooter.main(ForkedBooter.java:103)
</failure>
    <system-err><![CDATA[Starting ChromeDriver 89.0.4389.23 (61b08ee2c50024bab004e48d2b1b083cdbdac579-refs/branch-heads/4389@{#294}) on port 18409
Only local connections are allowed.
Please see https://chromedriver.chromium.org/security-considerations for suggestions on keeping ChromeDriver safe.
ChromeDriver was started successfully.
[1619681422.941][WARNING]: This version of ChromeDriver has not been tested with Chrome version 90.
]]></system-err>
  </testcase>
  <testcase name="login" classname="org.testing.TestScripts.TC7" time="0">
    <skipped/>
  </testcase>
  <testcase name="browserclose" classname="org.testing.TestScripts.TC7" time="0">
    <skipped/>
  </testcase>
  <testcase name="BrowserOpening" classname="org.testing.TestScripts.TC6" time="0">
    <skipped/>
  </testcase>
  <testcase name="login" classname="org.testing.TestScripts.TC6" time="0">
    <skipped/>
  </testcase>
  <testcase name="browserclose" classname="org.testing.TestScripts.TC6" time="0">
    <skipped/>
  </testcase>
  <testcase name="BrowserOpening" classname="org.testing.TestScripts.TC5" time="0">
    <skipped/>
  </testcase>
  <testcase name="login" classname="org.testing.TestScripts.TC5" time="0">
    <skipped/>
  </testcase>
  <testcase name="browserclose" classname="org.testing.TestScripts.TC5" time="0">
    <skipped/>
  </testcase>
  <testcase name="BrowserOpening" classname="org.testing.TestScripts.TC4" time="0">
    <skipped/>
  </testcase>
  <testcase name="login" classname="org.testing.TestScripts.TC4" time="0">
    <skipped/>
  </testcase>
  <testcase name="browserclose" classname="org.testing.TestScripts.TC4" time="0">
    <skipped/>
  </testcase>
  <testcase name="BrowserOpening" classname="org.testing.TestScripts.TC3" time="0">
    <skipped/>
  </testcase>
  <testcase name="login" classname="org.testing.TestScripts.TC3" time="0">
    <skipped/>
  </testcase>
  <testcase name="browserclose" classname="org.testing.TestScripts.TC3" time="0">
    <skipped/>
  </testcase>
  <testcase name="BrowserOpening" classname="org.testing.TestScripts.TC2" time="0">
    <skipped/>
  </testcase>
  <testcase name="login" classname="org.testing.TestScripts.TC2" time="0">
    <skipped/>
  </testcase>
  <testcase name="browserclose" classname="org.testing.TestScripts.TC2" time="0">
    <skipped/>
  </testcase>
  <testcase name="BrowserOpening" classname="org.testing.TestScripts.TC1" time="0">
    <skipped/>
  </testcase>
  <testcase name="login" classname="org.testing.TestScripts.TC1" time="0">
    <skipped/>
  </testcase>
  <testcase name="browserclose" classname="org.testing.TestScripts.TC1" time="0">
    <skipped/>
  </testcase>
</testsuite>