<?xml version="1.0" encoding="UTF-8"?>
<testng-results skipped="0" failed="0" total="1" passed="1">
  <reporter-output>
  </reporter-output>
  <suite name="Default suite" duration-ms="54911" started-at="2021-04-29T10:50:42Z" finished-at="2021-04-29T10:51:37Z">
    <groups>
    </groups>
    <test name="Default test" duration-ms="54911" started-at="2021-04-29T10:50:42Z" finished-at="2021-04-29T10:51:37Z">
      <class name="org.testing.TestScripts.TC7">
        <test-method status="PASS" signature="BrowserOpening()[pri:0, instance:org.testing.TestScripts.TC7@4387b79e]" name="BrowserOpening" is-config="true" duration-ms="17705" started-at="2021-04-29T16:20:42Z" finished-at="2021-04-29T16:21:00Z">
          <reporter-output>
          </reporter-output>
        </test-method> <!-- BrowserOpening -->
        <test-method status="PASS" signature="login()[pri:0, instance:org.testing.TestScripts.TC7@4387b79e]" name="login" duration-ms="36839" started-at="2021-04-29T16:21:00Z" finished-at="2021-04-29T16:21:37Z">
          <reporter-output>
          </reporter-output>
        </test-method> <!-- login -->
        <test-method status="PASS" signature="browserclose()[pri:0, instance:org.testing.TestScripts.TC7@4387b79e]" name="browserclose" is-config="true" duration-ms="335" started-at="2021-04-29T16:21:37Z" finished-at="2021-04-29T16:21:37Z">
          <reporter-output>
          </reporter-output>
        </test-method> <!-- browserclose -->
      </class> <!-- org.testing.TestScripts.TC7 -->
    </test> <!-- Default test -->
  </suite> <!-- Default suite -->
</testng-results>
